<?xml version="1.0" encoding="UTF-8"?>
<!-- Generated by org.testng.reporters.JUnitReportReporter -->
<testsuite skipped="0" hostname="HK-SONY-VAIO" name="testcases.ParamaterTest" tests="1" failures="0" timestamp="22 Apr 2019 15:54:00 GMT" time="0.011" errors="0">
  <testcase name="Test1" time="0.011" classname="testcases.ParamaterTest"/>
</testsuite> <!-- testcases.ParamaterTest -->
